<?xml version="1.0" encoding="UTF-8"?>
<testsuite name="ToDoCategoryTest" tests="4" skipped="0" failures="0" errors="0" timestamp="2015-08-26T00:22:18" hostname="epicodus-112.local" time="0.047">
  <properties/>
  <testcase name="equals_returnsTrueIfNamesAretheSame" classname="ToDoCategoryTest" time="0.004"/>
  <testcase name="all_emptyAtFirst" classname="ToDoCategoryTest" time="0.009"/>
  <testcase name="find_findCategoryInDatabase_true" classname="ToDoCategoryTest" time="0.013"/>
  <testcase name="save_savesIntoDatabase_true" classname="ToDoCategoryTest" time="0.017"/>
  <system-out><![CDATA[]]></system-out>
  <system-err><![CDATA[]]></system-err>
</testsuite>
