<?xml version="1.0" encoding="UTF-8"?>
<testsuite name="TaskTest" tests="4" skipped="0" failures="0" errors="0" timestamp="2015-08-26T00:22:18" hostname="epicodus-112.local" time="0.154">
  <properties/>
  <testcase name="save_savesCategoryIdIntoDB_true" classname="TaskTest" time="0.116"/>
  <testcase name="all_emptyAtFirst" classname="TaskTest" time="0.009"/>
  <testcase name="all_savesIntoDatabase_true" classname="TaskTest" time="0.014"/>
  <testcase name="find_findsTaskInDatabase_true" classname="TaskTest" time="0.014"/>
  <system-out><![CDATA[]]></system-out>
  <system-err><![CDATA[]]></system-err>
</testsuite>
